# JRE version: OpenJDK Runtime Environment 18.9 (11.0.11+9) (build 11.0.11+9)
# Java VM: OpenJDK 64-Bit Server VM 18.9 (11.0.11+9, mixed mode, tiered, compressed oops, g1 gc, windows-amd64)
Heap:
 garbage-first heap   total 262144K, used 126730K [0x0000000740000000, 0x0000000800000000)
  region size 1024K, 12 young (12288K), 1 survivors (1024K)
 Metaspace       used 101963K, capacity 104381K, committed 106220K, reserved 1140736K
  class space    used 12996K, capacity 14062K, committed 14656K, reserved 1048576K
GC Heap History (20 events):
Event: 2946.959 GC heap before
{Heap before GC invocations=505 (full 88):
 garbage-first heap   total 262144K, used 182623K [0x0000000740000000, 0x0000000800000000)
  region size 1024K, 60 young (61440K), 1 survivors (1024K)
 Metaspace       used 102936K, capacity 105854K, committed 105964K, reserved 1140736K
  class space    used 13277K, capacity 14606K, committed 14656K, reserved 1048576K
}
Event: 2946.961 GC heap after
{Heap after GC invocations=506 (full 88):
 garbage-first heap   total 262144K, used 122226K [0x0000000740000000, 0x0000000800000000)
  region size 1024K, 1 young (1024K), 1 survivors (1024K)
 Metaspace       used 102936K, capacity 105854K, committed 105964K, reserved 1140736K
  class space    used 13277K, capacity 14606K, committed 14656K, reserved 1048576K
}
Event: 2948.210 GC heap before
{Heap before GC invocations=507 (full 88):
 garbage-first heap   total 262144K, used 182642K [0x0000000740000000, 0x0000000800000000)
  region size 1024K, 60 young (61440K), 1 survivors (1024K)
 Metaspace       used 102947K, capacity 105918K, committed 106220K, reserved 1140736K
  class space    used 13277K, capacity 14606K, committed 14656K, reserved 1048576K
}
Event: 2948.211 GC heap after
{Heap after GC invocations=508 (full 88):
 garbage-first heap   total 262144K, used 122215K [0x0000000740000000, 0x0000000800000000)
  region size 1024K, 1 young (1024K), 1 survivors (1024K)
 Metaspace       used 102947K, capacity 105918K, committed 106220K, reserved 1140736K
  class space    used 13277K, capacity 14606K, committed 14656K, reserved 1048576K
}
Event: 2949.635 GC heap before
{Heap before GC invocations=508 (full 88):
 garbage-first heap   total 262144K, used 182631K [0x0000000740000000, 0x0000000800000000)
  region size 1024K, 60 young (61440K), 1 survivors (1024K)
 Metaspace       used 102947K, capacity 105918K, committed 106220K, reserved 1140736K
  class space    used 13277K, capacity 14606K, committed 14656K, reserved 1048576K
}
Event: 2949.637 GC heap after
{Heap after GC invocations=509 (full 88):
 garbage-first heap   total 262144K, used 122694K [0x0000000740000000, 0x0000000800000000)
  region size 1024K, 2 young (2048K), 2 survivors (2048K)
 Metaspace       used 102947K, capacity 105918K, committed 106220K, reserved 1140736K
  class space    used 13277K, capacity 14606K, committed 14656K, reserved 1048576K
}
Event: 2953.695 GC heap before
{Heap before GC invocations=510 (full 88):
 garbage-first heap   total 262144K, used 180038K [0x0000000740000000, 0x0000000800000000)
  region size 1024K, 59 young (60416K), 2 survivors (2048K)
 Metaspace       used 102983K, capacity 105920K, committed 106220K, reserved 1140736K
  class space    used 13277K, capacity 14606K, committed 14656K, reserved 1048576K
}
Event: 2953.751 GC heap after
{Heap after GC invocations=511 (full 89):
 garbage-first heap   total 262144K, used 116459K [0x0000000740000000, 0x0000000800000000)
  region size 1024K, 0 young (0K), 0 survivors (0K)
 Metaspace       used 102272K, capacity 104838K, committed 106220K, reserved 1140736K
  class space    used 13089K, capacity 14241K, committed 14656K, reserved 1048576K
}
Event: 2959.694 GC heap before
{Heap before GC invocations=511 (full 89):
 garbage-first heap   total 262144K, used 177899K [0x0000000740000000, 0x0000000800000000)
  region size 1024K, 60 young (61440K), 0 survivors (0K)
 Metaspace       used 102305K, capacity 104907K, committed 106220K, reserved 1140736K
  class space    used 13089K, capacity 14241K, committed 14656K, reserved 1048576K
}
Event: 2959.696 GC heap after
{Heap after GC invocations=512 (full 89):
 garbage-first heap   total 262144K, used 117001K [0x0000000740000000, 0x0000000800000000)
  region size 1024K, 1 young (1024K), 1 survivors (1024K)
 Metaspace       used 102305K, capacity 104907K, committed 106220K, reserved 1140736K
  class space    used 13089K, capacity 14241K, committed 14656K, reserved 1048576K
}
Event: 2979.316 GC heap before
{Heap before GC invocations=513 (full 89):
 garbage-first heap   total 262144K, used 165129K [0x0000000740000000, 0x0000000800000000)
  region size 1024K, 49 young (50176K), 1 survivors (1024K)
 Metaspace       used 102306K, capacity 104907K, committed 106220K, reserved 1140736K
  class space    used 13089K, capacity 14241K, committed 14656K, reserved 1048576K
}
Event: 2979.363 GC heap after
{Heap after GC invocations=514 (full 90):
 garbage-first heap   total 262144K, used 116320K [0x0000000740000000, 0x0000000800000000)
  region size 1024K, 0 young (0K), 0 survivors (0K)
 Metaspace       used 102306K, capacity 104907K, committed 106220K, reserved 1140736K
  class space    used 13089K, capacity 14241K, committed 14656K, reserved 1048576K
}
Event: 2980.420 GC heap before
{Heap before GC invocations=514 (full 90):
 garbage-first heap   total 262144K, used 121440K [0x0000000740000000, 0x0000000800000000)
  region size 1024K, 6 young (6144K), 0 survivors (0K)
 Metaspace       used 102306K, capacity 104907K, committed 106220K, reserved 1140736K
  class space    used 13089K, capacity 14241K, committed 14656K, reserved 1048576K
}
Event: 2980.476 GC heap after
{Heap after GC invocations=515 (full 91):
 garbage-first heap   total 262144K, used 115948K [0x0000000740000000, 0x0000000800000000)
  region size 1024K, 0 young (0K), 0 survivors (0K)
 Metaspace       used 101959K, capacity 104381K, committed 106220K, reserved 1140736K
  class space    used 12996K, capacity 14062K, committed 14656K, reserved 1048576K
}
Event: 2986.459 GC heap before
{Heap before GC invocations=515 (full 91):
 garbage-first heap   total 262144K, used 132332K [0x0000000740000000, 0x0000000800000000)
  region size 1024K, 17 young (17408K), 0 survivors (0K)
 Metaspace       used 101961K, capacity 104381K, committed 106220K, reserved 1140736K
  class space    used 12996K, capacity 14062K, committed 14656K, reserved 1048576K
}
Event: 2986.511 GC heap after
{Heap after GC invocations=516 (full 92):
 garbage-first heap   total 262144K, used 116003K [0x0000000740000000, 0x0000000800000000)
  region size 1024K, 0 young (0K), 0 survivors (0K)
 Metaspace       used 101961K, capacity 104381K, committed 106220K, reserved 1140736K
  class space    used 12996K, capacity 14062K, committed 14656K, reserved 1048576K
}
Event: 2992.527 GC heap before
{Heap before GC invocations=516 (full 92):
 garbage-first heap   total 262144K, used 177443K [0x0000000740000000, 0x0000000800000000)
  region size 1024K, 60 young (61440K), 0 survivors (0K)
 Metaspace       used 101963K, capacity 104381K, committed 106220K, reserved 1140736K
  class space    used 12996K, capacity 14062K, committed 14656K, reserved 1048576K
}
Event: 2992.529 GC heap after
{Heap after GC invocations=517 (full 92):
 garbage-first heap   total 262144K, used 116402K [0x0000000740000000, 0x0000000800000000)
  region size 1024K, 1 young (1024K), 1 survivors (1024K)
 Metaspace       used 101963K, capacity 104381K, committed 106220K, reserved 1140736K
  class space    used 12996K, capacity 14062K, committed 14656K, reserved 1048576K
}
Event: 2996.255 GC heap before
{Heap before GC invocations=518 (full 92):
 garbage-first heap   total 262144K, used 169650K [0x0000000740000000, 0x0000000800000000)
  region size 1024K, 54 young (55296K), 1 survivors (1024K)
 Metaspace       used 101963K, capacity 104381K, committed 106220K, reserved 1140736K
  class space    used 12996K, capacity 14062K, committed 14656K, reserved 1048576K
}
Event: 2996.256 GC heap after
{Heap after GC invocations=519 (full 92):
 garbage-first heap   total 262144K, used 116490K [0x0000000740000000, 0x0000000800000000)
  region size 1024K, 1 young (1024K), 1 survivors (1024K)
 Metaspace       used 101963K, capacity 104381K, committed 106220K, reserved 1140736K
  class space    used 12996K, capacity 14062K, committed 14656K, reserved 1048576K
}

