# JRE version: OpenJDK Runtime Environment Temurin-17.0.7+7 (17.0.7+7) (build 17.0.7+7)
# Java VM: OpenJDK 64-Bit Server VM Temurin-17.0.7+7 (17.0.7+7, mixed mode, sharing, tiered, compressed oops, compressed class ptrs, g1 gc, windows-amd64)
GC Precious Log:
 CPUs: 32 total, 32 available
 Memory: 31907M
 Large Page Support: Disabled
 NUMA Support: Disabled
 Compressed Oops: Enabled (Zero based)
 Heap Region Size: 2M
 Heap Min Capacity: 512M
 Heap Initial Capacity: 512M
 Heap Max Capacity: 4072M
 Pre-touch: Disabled
 Parallel Workers: 23
 Concurrent Workers: 6
 Concurrent Refinement Workers: 23
 Periodic GC: Disabled
 String Deduplication is enabled
Heap:
 garbage-first heap   total 630784K, used 233406K [0x0000000701800000, 0x0000000800000000)
  region size 2048K, 28 young (57344K), 3 survivors (6144K)
 Metaspace       used 99671K, committed 100352K, reserved 1179648K
  class space    used 13023K, committed 13440K, reserved 1048576K
GC Heap History (20 events):
Event: 10591.456 GC heap before
{Heap before GC invocations=1161 (full 143):
 garbage-first heap   total 630784K, used 258336K [0x0000000701800000, 0x0000000800000000)
  region size 2048K, 40 young (81920K), 3 survivors (6144K)
 Metaspace       used 99649K, committed 100288K, reserved 1179648K
  class space    used 13023K, committed 13440K, reserved 1048576K
}
Event: 10591.458 GC heap after
{Heap after GC invocations=1162 (full 143):
 garbage-first heap   total 630784K, used 184180K [0x0000000701800000, 0x0000000800000000)
  region size 2048K, 3 young (6144K), 3 survivors (6144K)
 Metaspace       used 99649K, committed 100288K, reserved 1179648K
  class space    used 13023K, committed 13440K, reserved 1048576K
}
Event: 10599.251 GC heap before
{Heap before GC invocations=1162 (full 143):
 garbage-first heap   total 630784K, used 259956K [0x0000000701800000, 0x0000000800000000)
  region size 2048K, 40 young (81920K), 3 survivors (6144K)
 Metaspace       used 99654K, committed 100352K, reserved 1179648K
  class space    used 13023K, committed 13440K, reserved 1048576K
}
Event: 10599.253 GC heap after
{Heap after GC invocations=1163 (full 143):
 garbage-first heap   total 630784K, used 183842K [0x0000000701800000, 0x0000000800000000)
  region size 2048K, 3 young (6144K), 3 survivors (6144K)
 Metaspace       used 99654K, committed 100352K, reserved 1179648K
  class space    used 13023K, committed 13440K, reserved 1048576K
}
Event: 10603.179 GC heap before
{Heap before GC invocations=1163 (full 143):
 garbage-first heap   total 630784K, used 259618K [0x0000000701800000, 0x0000000800000000)
  region size 2048K, 40 young (81920K), 3 survivors (6144K)
 Metaspace       used 99654K, committed 100352K, reserved 1179648K
  class space    used 13023K, committed 13440K, reserved 1048576K
}
Event: 10603.180 GC heap after
{Heap after GC invocations=1164 (full 143):
 garbage-first heap   total 630784K, used 183887K [0x0000000701800000, 0x0000000800000000)
  region size 2048K, 3 young (6144K), 3 survivors (6144K)
 Metaspace       used 99654K, committed 100352K, reserved 1179648K
  class space    used 13023K, committed 13440K, reserved 1048576K
}
Event: 10610.266 GC heap before
{Heap before GC invocations=1164 (full 143):
 garbage-first heap   total 630784K, used 259663K [0x0000000701800000, 0x0000000800000000)
  region size 2048K, 40 young (81920K), 3 survivors (6144K)
 Metaspace       used 99654K, committed 100352K, reserved 1179648K
  class space    used 13023K, committed 13440K, reserved 1048576K
}
Event: 10610.267 GC heap after
{Heap after GC invocations=1165 (full 143):
 garbage-first heap   total 630784K, used 183806K [0x0000000701800000, 0x0000000800000000)
  region size 2048K, 3 young (6144K), 3 survivors (6144K)
 Metaspace       used 99654K, committed 100352K, reserved 1179648K
  class space    used 13023K, committed 13440K, reserved 1048576K
}
Event: 10659.948 GC heap before
{Heap before GC invocations=1165 (full 143):
 garbage-first heap   total 630784K, used 259582K [0x0000000701800000, 0x0000000800000000)
  region size 2048K, 40 young (81920K), 3 survivors (6144K)
 Metaspace       used 99666K, committed 100352K, reserved 1179648K
  class space    used 13023K, committed 13440K, reserved 1048576K
}
Event: 10659.950 GC heap after
{Heap after GC invocations=1166 (full 143):
 garbage-first heap   total 630784K, used 183881K [0x0000000701800000, 0x0000000800000000)
  region size 2048K, 3 young (6144K), 3 survivors (6144K)
 Metaspace       used 99666K, committed 100352K, reserved 1179648K
  class space    used 13023K, committed 13440K, reserved 1048576K
}
Event: 10712.140 GC heap before
{Heap before GC invocations=1166 (full 143):
 garbage-first heap   total 630784K, used 259657K [0x0000000701800000, 0x0000000800000000)
  region size 2048K, 40 young (81920K), 3 survivors (6144K)
 Metaspace       used 99666K, committed 100352K, reserved 1179648K
  class space    used 13023K, committed 13440K, reserved 1048576K
}
Event: 10712.141 GC heap after
{Heap after GC invocations=1167 (full 143):
 garbage-first heap   total 630784K, used 183881K [0x0000000701800000, 0x0000000800000000)
  region size 2048K, 3 young (6144K), 3 survivors (6144K)
 Metaspace       used 99666K, committed 100352K, reserved 1179648K
  class space    used 13023K, committed 13440K, reserved 1048576K
}
Event: 10782.476 GC heap before
{Heap before GC invocations=1167 (full 143):
 garbage-first heap   total 630784K, used 259657K [0x0000000701800000, 0x0000000800000000)
  region size 2048K, 40 young (81920K), 3 survivors (6144K)
 Metaspace       used 99666K, committed 100352K, reserved 1179648K
  class space    used 13023K, committed 13440K, reserved 1048576K
}
Event: 10782.478 GC heap after
{Heap after GC invocations=1168 (full 143):
 garbage-first heap   total 630784K, used 183949K [0x0000000701800000, 0x0000000800000000)
  region size 2048K, 3 young (6144K), 3 survivors (6144K)
 Metaspace       used 99666K, committed 100352K, reserved 1179648K
  class space    used 13023K, committed 13440K, reserved 1048576K
}
Event: 10816.527 GC heap before
{Heap before GC invocations=1168 (full 143):
 garbage-first heap   total 630784K, used 257677K [0x0000000701800000, 0x0000000800000000)
  region size 2048K, 40 young (81920K), 3 survivors (6144K)
 Metaspace       used 99666K, committed 100352K, reserved 1179648K
  class space    used 13023K, committed 13440K, reserved 1048576K
}
Event: 10816.529 GC heap after
{Heap after GC invocations=1169 (full 143):
 garbage-first heap   total 630784K, used 183977K [0x0000000701800000, 0x0000000800000000)
  region size 2048K, 3 young (6144K), 3 survivors (6144K)
 Metaspace       used 99666K, committed 100352K, reserved 1179648K
  class space    used 13023K, committed 13440K, reserved 1048576K
}
Event: 10855.582 GC heap before
{Heap before GC invocations=1169 (full 143):
 garbage-first heap   total 630784K, used 259753K [0x0000000701800000, 0x0000000800000000)
  region size 2048K, 40 young (81920K), 3 survivors (6144K)
 Metaspace       used 99666K, committed 100352K, reserved 1179648K
  class space    used 13023K, committed 13440K, reserved 1048576K
}
Event: 10855.583 GC heap after
{Heap after GC invocations=1170 (full 143):
 garbage-first heap   total 630784K, used 183833K [0x0000000701800000, 0x0000000800000000)
  region size 2048K, 2 young (4096K), 2 survivors (4096K)
 Metaspace       used 99666K, committed 100352K, reserved 1179648K
  class space    used 13023K, committed 13440K, reserved 1048576K
}
Event: 10889.812 GC heap before
{Heap before GC invocations=1170 (full 143):
 garbage-first heap   total 630784K, used 261657K [0x0000000701800000, 0x0000000800000000)
  region size 2048K, 40 young (81920K), 2 survivors (4096K)
 Metaspace       used 99670K, committed 100352K, reserved 1179648K
  class space    used 13023K, committed 13440K, reserved 1048576K
}
Event: 10889.813 GC heap after
{Heap after GC invocations=1171 (full 143):
 garbage-first heap   total 630784K, used 184254K [0x0000000701800000, 0x0000000800000000)
  region size 2048K, 3 young (6144K), 3 survivors (6144K)
 Metaspace       used 99670K, committed 100352K, reserved 1179648K
  class space    used 13023K, committed 13440K, reserved 1048576K
}

